[marketifythemes.net/html/tokyo/index.html]
[backblue.gif]
[fade.gif]
[index.html]
[marketifythemes.net/html/tokyo/css/plugins.css]
[marketifythemes.net/html/tokyo/css/dark.css]
[marketifythemes.net/html/tokyo/css/colors.css]
[marketifythemes.net/html/tokyo/css/style.css]
[marketifythemes.net/html/tokyo/img/svg/cancel.svg]
[marketifythemes.net/html/tokyo/img/partners/1.png]
[marketifythemes.net/html/tokyo/img/partners/2.png]
[marketifythemes.net/html/tokyo/img/partners/3.png]
[marketifythemes.net/html/tokyo/img/partners/4.png]
[marketifythemes.net/html/tokyo/img/partners/5.png]
[marketifythemes.net/html/tokyo/img/partners/6.png]
[marketifythemes.net/html/tokyo/img/partners/7.png]
[marketifythemes.net/html/tokyo/img/partners/8.png]
[marketifythemes.net/html/tokyo/img/logo/dark.png]
[marketifythemes.net/html/tokyo/img/svg/home-run.svg]
[marketifythemes.net/html/tokyo/img/svg/avatar.svg]
[marketifythemes.net/html/tokyo/img/svg/briefcase.svg]
[marketifythemes.net/html/tokyo/img/svg/paper.svg]
[marketifythemes.net/html/tokyo/img/svg/mail.svg]
[marketifythemes.net/html/tokyo/img/slider/1.jpg]
[marketifythemes.net/html/tokyo/img/svg/social/facebook.svg]
[marketifythemes.net/html/tokyo/img/svg/social/twitter.svg]
[marketifythemes.net/html/tokyo/img/svg/social/instagram.svg]
[marketifythemes.net/html/tokyo/img/svg/social/dribbble.svg]
[marketifythemes.net/html/tokyo/img/svg/social/tik-tok.svg]
[marketifythemes.net/html/tokyo/img/thumbs/4-2.jpg]
[marketifythemes.net/html/tokyo/img/thumbs/1-1.jpg]
[marketifythemes.net/html/tokyo/img/portfolio/5.jpg]
[marketifythemes.net/html/tokyo/img/portfolio/6.jpg]
[marketifythemes.net/html/tokyo/img/portfolio/4.jpg]
[marketifythemes.net/html/tokyo/img/portfolio/3.jpg]
[marketifythemes.net/html/tokyo/img/portfolio/7.jpg]
[marketifythemes.net/html/tokyo/img/portfolio/1.jpg]
[marketifythemes.net/html/tokyo/img/portfolio/2.jpg]
[marketifythemes.net/html/tokyo/img/portfolio/8.jpg]
[marketifythemes.net/html/tokyo/img/thumbs/4-3.jpg]
[marketifythemes.net/html/tokyo/img/news/1.jpg]
[marketifythemes.net/html/tokyo/img/svg/like.svg]
[marketifythemes.net/html/tokyo/img/svg/quote.svg]
[marketifythemes.net/html/tokyo/img/news/2.jpg]
[marketifythemes.net/html/tokyo/img/news/3.jpg]
[marketifythemes.net/html/tokyo/img/news/4.jpg]
[marketifythemes.net/cdn-cgi/scripts/5c5dd728/cloudflare-static/email-decode.min.js]
[marketifythemes.net/html/tokyo/js/jquery.js]
[marketifythemes.net/html/tokyo/js/plugins.js]
[marketifythemes.net/html/tokyo/index.html]
[marketifythemes.net/html/tokyo/js/init.js]
[marketifythemes.net/html/tokyo/css/font/xcon8158.eot]
[marketifythemes.net/html/tokyo/css/font/xcon8158.woff2]
[marketifythemes.net/html/tokyo/css/font/xcon8158.woff]
[marketifythemes.net/html/tokyo/css/font/xcon8158.ttf]
[marketifythemes.net/html/tokyo/css/font/xcon8158.svg]
[marketifythemes.net/html/tokyo/css/owl.video.play.png]
[marketifythemes.net/html/tokyo/css/plugins.css]
[marketifythemes.net/html/tokyo/css/dark.css]
[marketifythemes.net/html/tokyo/css/colors.css]
[marketifythemes.net/html/tokyo/css/style.css]
[marketifythemes.net/html/tokyo/img/svg/cancel.svg]
[marketifythemes.net/html/tokyo/img/svg/home-run.svg]
[marketifythemes.net/html/tokyo/img/svg/avatar.svg]
[marketifythemes.net/html/tokyo/img/svg/briefcase.svg]
[marketifythemes.net/html/tokyo/img/svg/paper.svg]
[marketifythemes.net/html/tokyo/img/svg/mail.svg]
[marketifythemes.net/html/tokyo/img/svg/social/facebook.svg]
[marketifythemes.net/html/tokyo/img/svg/social/twitter.svg]
[marketifythemes.net/html/tokyo/img/svg/social/instagram.svg]
[marketifythemes.net/html/tokyo/img/svg/social/dribbble.svg]
[marketifythemes.net/html/tokyo/img/svg/social/tik-tok.svg]
[marketifythemes.net/html/tokyo/img/svg/like.svg]
[marketifythemes.net/html/tokyo/img/svg/quote.svg]
[marketifythemes.net/html/tokyo/js/jquery.js]
[marketifythemes.net/html/tokyo/js/plugins.js]
[marketifythemes.net/html/tokyo/img.svg]
[marketifythemes.net/html/tokyo/js/init.js]
[marketifythemes.net/html/tokyo/css/font/xcon8158.svg]
[marketifythemes.net/html/tokyo/css/owl.video.play.html]
[marketifythemes.net/html/tokyo/img.html]
[marketifythemes.net/html/tokyo/modal/contact.html]
[marketifythemes.net/html/tokyo/modal/contact.html]
